(node:44604) DeprecationWarning: `open()` is deprecated in mongoose >= 4.11.0, use `openUri()` instead, or set the `useMongoClient` option if using `connect()` or `createConnection()`. See http://mongoosejs.com/docs/connections.html#use-mongo-client
Mongoose has connected
[0mGET /api/hotels/5a24fcc03ae77ef43d6c9c94 [32m200 [0m40.437 ms - 191[0m
[0mGET / [36m304 [0m883.577 ms - -[0m
[0mGET /stylesheets/style.css [36m304 [0m1.540 ms - -[0m
[0mGET /api/hotels/5a24fcc03ae77ef43d6c9c94 [36m304 [0m7.803 ms - -[0m
[0mGET /api/hotels/ [36m304 [0m35.575 ms - -[0m
[0mGET /api/hotels [32m200 [0m16.217 ms - 21476[0m
[0mGET / [32m200 [0m103.960 ms - 170[0m
[0mGET /stylesheets/style.css [32m200 [0m19.848 ms - 111[0m
[0mGET /favicon.ico [33m404 [0m22.665 ms - 1934[0m
[0mGET /api/hotels [32m200 [0m156.058 ms - 21476[0m
[0mGET / [36m304 [0m48.549 ms - -[0m
[0mGET /stylesheets/style.css [36m304 [0m10.224 ms - -[0m
[0mGET /api/hotels [36m304 [0m35.766 ms - -[0m
[0mGET /api/hotels [36m304 [0m55.213 ms - -[0m
[0mGET /api/hotels [36m304 [0m67.827 ms - -[0m
[0mGET /api/hotels [36m304 [0m109.503 ms - -[0m
[0mGET /API/hotels [32m200 [0m27.699 ms - 21476[0m
[0mGET /api/hotels/123 [31m500 [0m175.451 ms - 1753[0m
[0mGET /stylesheets/style.css [36m304 [0m2.517 ms - -[0m
[0mGET /api/hotels/ [36m304 [0m22.183 ms - -[0m
[0mGET /api/hotels/1568628 [31m500 [0m25.179 ms - 1761[0m
[0mGET /stylesheets/style.css [36m304 [0m0.693 ms - -[0m
[0mGET /api/hotels/ [36m304 [0m15.079 ms - -[0m
[0mGET /api/hotels/5a24fcc03ae77ef43d6c9c94 [36m304 [0m23.244 ms - -[0m
[0mGET /api/hotels [36m304 [0m17.351 ms - -[0m
[0mGET /api/hotels [36m304 [0m93.330 ms - -[0m
[0mGET /api/hotels [36m304 [0m75.400 ms - -[0m
[0mGET /api/hotels [36m304 [0m87.030 ms - -[0m
[0mGET /api/hotels [36m304 [0m55.743 ms - -[0m
[0mGET /api/hotels [36m304 [0m42.811 ms - -[0m
[0mGET /api/hotels [36m304 [0m59.115 ms - -[0m
[0mGET /api/hotels [32m200 [0m95.649 ms - 21476[0m
[0mGET /api/hotels [36m304 [0m77.846 ms - -[0m
[0mGET /api/hotels [36m304 [0m37.201 ms - -[0m
[0mGET /api/hotels [36m304 [0m15.048 ms - -[0m
[0mGET /api/hotels [36m304 [0m55.123 ms - -[0m
[0mGET /api/hotels [36m304 [0m112.803 ms - -[0m
[0mGET /api/hotels [36m304 [0m43.479 ms - -[0m
[0mGET /api/hotels [36m304 [0m57.227 ms - -[0m
[0mGET /api/hotels [36m304 [0m56.921 ms - -[0m
[0mGET /api/hotels [36m304 [0m23.734 ms - -[0m
[0mGET /api/hotels [36m304 [0m30.733 ms - -[0m
[0mGET /api/hotels [36m304 [0m23.265 ms - -[0m
[0mGET /api/hotels [36m304 [0m16.852 ms - -[0m
[0mGET /api/hotels [36m304 [0m26.328 ms - -[0m
[0mGET /api/hotels [36m304 [0m51.903 ms - -[0m
[0mGET /api/hotels [36m304 [0m55.520 ms - -[0m
[0mGET /api/hotels [36m304 [0m32.011 ms - -[0m
[0mGET /api/hotels [36m304 [0m64.924 ms - -[0m
[0mGET /api/hotels [36m304 [0m17.253 ms - -[0m
[0mGET /api/hotels [36m304 [0m20.751 ms - -[0m
[0mGET /api/hotels [36m304 [0m29.188 ms - -[0m
[0mGET /api/hotels [36m304 [0m31.309 ms - -[0m
[0mGET /api/hotels [36m304 [0m20.281 ms - -[0m
[0mGET /api/hotels [36m304 [0m46.486 ms - -[0m
[0mGET /api/hotels [36m304 [0m37.684 ms - -[0m
[0mGET /api/hotels [36m304 [0m86.696 ms - -[0m
[0mGET /api/hotels [36m304 [0m20.851 ms - -[0m
[0mGET /api/hotels [36m304 [0m43.284 ms - -[0m
[0mGET /api/hotels [36m304 [0m33.698 ms - -[0m
[0mGET /api/hotels [36m304 [0m120.241 ms - -[0m
[0mGET /api/hotels [36m304 [0m86.592 ms - -[0m
[0mGET /api/hotels [36m304 [0m86.203 ms - -[0m
[0mGET /api/hotels [36m304 [0m195.916 ms - -[0m
[0mGET /api/hotels [36m304 [0m54.349 ms - -[0m
[0mGET /api/hotels [36m304 [0m23.297 ms - -[0m
[0mGET /api/hotels [36m304 [0m37.395 ms - -[0m
[0mGET /api/hotels [36m304 [0m24.286 ms - -[0m
[0mGET /api/hotels [36m304 [0m304.825 ms - -[0m
[0mGET /api/hotels [36m304 [0m37.593 ms - -[0m
[0mGET /api/hotels [36m304 [0m62.293 ms - -[0m
[0mGET /api/hotels [36m304 [0m51.093 ms - -[0m
[0mGET /api/hotels [36m304 [0m36.381 ms - -[0m
[0mGET /api/hotels [36m304 [0m32.459 ms - -[0m
[0mGET /api/hotels [36m304 [0m30.512 ms - -[0m
[0mGET /api/hotels [36m304 [0m38.545 ms - -[0m
[0mGET /api/hotels [36m304 [0m54.527 ms - -[0m
[0mGET /api/hotels [36m304 [0m22.448 ms - -[0m
[0mGET /api/hotels [36m304 [0m43.752 ms - -[0m
[0mGET /api/hotels [36m304 [0m47.656 ms - -[0m
[0mGET /api/hotels [36m304 [0m35.743 ms - -[0m
[0mGET /api/hotels [36m304 [0m56.134 ms - -[0m
[0mGET /api/hotels [36m304 [0m96.138 ms - -[0m
[0mGET /api/hotels [36m304 [0m62.644 ms - -[0m
[0mGET /api/hotels [36m304 [0m28.860 ms - -[0m
[0mGET /api/hotels [32m200 [0m50.545 ms - 42951[0m
[0mGET /api/hotels [36m304 [0m164.768 ms - -[0m
[0mGET /api/hotels [36m304 [0m110.635 ms - -[0m
[0mGET /api/hotels [36m304 [0m103.549 ms - -[0m
[0mGET /api/hotels [36m304 [0m75.435 ms - -[0m
[0mGET /api/hotels [36m304 [0m171.069 ms - -[0m
(node:44604) DeprecationWarning: Mongoose: mpromise (mongoose's default promise library) is deprecated, plug in your own promise library instead: http://mongoosejs.com/docs/promises.html
[0mPOST /api/hotels [32m200 [0m491.709 ms - 93[0m
[0mPOST /api/hotels [32m200 [0m47.602 ms - 93[0m
[0mGET /api/hotels [32m200 [0m173.434 ms - 43139[0m
[0mGET /api/hotels [36m304 [0m298.487 ms - -[0m
[0mGET /api/hotels [36m304 [0m210.181 ms - -[0m
[0mGET /api/hotels [32m200 [0m47.725 ms - 2[0m
[0mGET /api/hotels [36m304 [0m50.892 ms - -[0m
[0mGET /api/hotels [36m304 [0m26.060 ms - -[0m
[0mGET /api/hotels [36m304 [0m13.073 ms - -[0m
[0mGET /api/hotels [32m200 [0m141.735 ms - 2[0m
[0mGET /api/hotels [36m304 [0m36.338 ms - -[0m
[0mGET /api/hotels [36m304 [0m37.372 ms - -[0m
[0mGET /api/hotels [36m304 [0m18.343 ms - -[0m
[0mGET /api/hotels [36m304 [0m124.517 ms - -[0m
[0mPOST /api/hotels [32m200 [0m124.126 ms - 88[0m
[0mGET /api/hotels [32m200 [0m9.587 ms - 90[0m
[0mGET /api/hotels [36m304 [0m44.109 ms - -[0m
[0mGET /api/hotels [36m304 [0m129.712 ms - -[0m
[0mGET /api/hotels [36m304 [0m19.137 ms - -[0m
[0mGET /api/hotels [36m304 [0m21.539 ms - -[0m
[0mGET /api/hotels [36m304 [0m18.023 ms - -[0m
[0mGET /api/hotels [36m304 [0m12.736 ms - -[0m
[0mGET /api/hotels [36m304 [0m17.838 ms - -[0m
[0mGET /api/hotels [36m304 [0m53.587 ms - -[0m
[0mGET /api/hotels [36m304 [0m19.417 ms - -[0m
[0mGET /api/hotels [36m304 [0m19.934 ms - -[0m
[0mGET /api/hotels [36m304 [0m47.072 ms - -[0m
[0mGET /api/hotels [36m304 [0m21.433 ms - -[0m
[0mGET /api/hotels [36m304 [0m23.569 ms - -[0m
[0mGET /api/hotels [36m304 [0m19.986 ms - -[0m
[0mGET /api/hotels [36m304 [0m14.239 ms - -[0m
[0mGET /api/hotels [36m304 [0m21.595 ms - -[0m
[0mGET /api/hotels [36m304 [0m14.203 ms - -[0m
[0mGET /api/hotels [36m304 [0m16.112 ms - -[0m
[0mGET /api/hotels [36m304 [0m26.118 ms - -[0m
[0mGET /api/hotels [36m304 [0m19.142 ms - -[0m
[0mGET /api/hotels [36m304 [0m16.734 ms - -[0m
[0mGET /api/hotels [36m304 [0m45.310 ms - -[0m
[0mGET /api/hotels [36m304 [0m31.985 ms - -[0m
[0mGET /api/hotels [36m304 [0m19.729 ms - -[0m
[0mGET /api/hotels [36m304 [0m17.749 ms - -[0m
[0mGET /api/hotels [36m304 [0m20.797 ms - -[0m
[0mGET /api/hotels [36m304 [0m11.840 ms - -[0m
[0mGET /api/hotels [36m304 [0m25.909 ms - -[0m
[0mGET /api/hotels [36m304 [0m22.951 ms - -[0m
[0mGET /api/hotels [36m304 [0m45.681 ms - -[0m
[0mGET /api/hotels [36m304 [0m11.918 ms - -[0m
[0mGET /api/hotels [36m304 [0m38.291 ms - -[0m
[0mGET /api/hotels [36m304 [0m18.429 ms - -[0m
[0mGET /api/hotels [36m304 [0m16.774 ms - -[0m
[0mGET /api/hotels [36m304 [0m14.524 ms - -[0m
[0mGET /api/hotels [36m304 [0m16.672 ms - -[0m
[0mGET /api/hotels [36m304 [0m28.894 ms - -[0m
[0mGET /api/hotels [36m304 [0m22.551 ms - -[0m
[0mGET /api/hotels [36m304 [0m51.217 ms - -[0m
[0mGET /api/hotels [36m304 [0m20.270 ms - -[0m
[0mGET /api/hotels [36m304 [0m20.374 ms - -[0m
[0mGET /api/hotels [36m304 [0m21.368 ms - -[0m
[0mGET /api/hotels [36m304 [0m30.972 ms - -[0m
[0mGET /api/hotels [36m304 [0m93.450 ms - -[0m
[0mGET /api/hotels [36m304 [0m23.016 ms - -[0m
[0mGET /api/hotels [36m304 [0m42.882 ms - -[0m
[0mGET /api/hotels [36m304 [0m75.324 ms - -[0m
[0mGET /api/hotels [36m304 [0m26.587 ms - -[0m
[0mGET /api/hotels [36m304 [0m12.228 ms - -[0m
[0mGET /api/hotels [36m304 [0m30.084 ms - -[0m
[0mGET /api/hotels [36m304 [0m102.130 ms - -[0m
[0mGET /api/hotels [36m304 [0m29.109 ms - -[0m
[0mGET /api/hotels [36m304 [0m17.594 ms - -[0m
[0mGET /api/hotels [36m304 [0m23.509 ms - -[0m
[0mGET /api/hotels [36m304 [0m48.683 ms - -[0m
[0mGET /api/hotels [36m304 [0m23.769 ms - -[0m
[0mGET /api/hotels [36m304 [0m17.766 ms - -[0m
[0mGET /api/hotels [36m304 [0m21.651 ms - -[0m
[0mGET /api/hotels [36m304 [0m20.319 ms - -[0m
[0mGET /api/hotels [36m304 [0m77.063 ms - -[0m
[0mGET /api/hotels [36m304 [0m23.220 ms - -[0m
[0mGET /api/hotels [36m304 [0m61.413 ms - -[0m
[0mGET /api/hotels [36m304 [0m97.507 ms - -[0m
[0mGET /api/hotels [36m304 [0m342.754 ms - -[0m
[0mGET /api/hotels [36m304 [0m338.586 ms - -[0m
[0mGET /api/hotels [36m304 [0m73.966 ms - -[0m
[0mGET /api/hotels [36m304 [0m342.766 ms - -[0m
[0mGET /api/hotels [36m304 [0m29.449 ms - -[0m
[0mGET /api/hotels [36m304 [0m24.480 ms - -[0m
[0mGET /api/hotels [36m304 [0m170.177 ms - -[0m
[0mGET /api/hotels [36m304 [0m41.727 ms - -[0m
[0mGET /api/hotels [36m304 [0m70.120 ms - -[0m
[0mGET /api/hotels [36m304 [0m19.043 ms - -[0m
[0mGET /api/hotels [36m304 [0m14.030 ms - -[0m
[0mGET /api/hotels [36m304 [0m62.233 ms - -[0m
[0mGET /api/hotels [36m304 [0m2.766 ms - -[0m
[0mGET /api/hotels [36m304 [0m7.899 ms - -[0m
[0mGET /api/hotels [36m304 [0m12.422 ms - -[0m
[0mGET /api/hotels [36m304 [0m3.413 ms - -[0m
[0mGET /api/hotels [36m304 [0m3.620 ms - -[0m
[0mGET /api/hotels [36m304 [0m8.935 ms - -[0m
[0mPOST /api/hotels [32m200 [0m172.040 ms - 90[0m
[0mGET /api/hotels [32m200 [0m8.207 ms - 181[0m
[0mGET /api/hotels [36m304 [0m60.147 ms - -[0m
[0mGET /api/hotels [36m304 [0m18.491 ms - -[0m
